{"/home/borimir-ganchev/Documents/GitHub/RouteOptimizer/RouteOptimizer-Backend/Backend/dataProcessing/dataExtraction.js": {"path":"/home/borimir-ganchev/Documents/GitHub/RouteOptimizer/RouteOptimizer-Backend/Backend/dataProcessing/dataExtraction.js","statementMap":{"0":{"start":{"line":1,"column":14},"end":{"line":1,"column":61}},"1":{"start":{"line":3,"column":0},"end":{"line":11,"column":2}},"2":{"start":{"line":4,"column":4},"end":{"line":10,"column":5}},"3":{"start":{"line":5,"column":23},"end":{"line":5,"column":41}},"4":{"start":{"line":6,"column":8},"end":{"line":6,"column":22}},"5":{"start":{"line":8,"column":8},"end":{"line":8,"column":63}},"6":{"start":{"line":9,"column":8},"end":{"line":9,"column":50}}},"fnMap":{"0":{"name":"(anonymous_0)","decl":{"start":{"line":3,"column":23},"end":{"line":3,"column":24}},"loc":{"start":{"line":3,"column":35},"end":{"line":11,"column":1}},"line":3}},"branchMap":{},"s":{"0":1,"1":1,"2":2,"3":2,"4":1,"5":1,"6":1},"f":{"0":2},"b":{},"_coverageSchema":"1a1c01bbd47fc00a2c39e90264f33305004495a9","hash":"63d55a6b2f1834b7e24914720b8c8c68404dabb1"}
,"/home/borimir-ganchev/Documents/GitHub/RouteOptimizer/RouteOptimizer-Backend/Backend/dataProcessing/dataProcessing.js": {"path":"/home/borimir-ganchev/Documents/GitHub/RouteOptimizer/RouteOptimizer-Backend/Backend/dataProcessing/dataProcessing.js","statementMap":{"0":{"start":{"line":1,"column":23},"end":{"line":1,"column":50}},"1":{"start":{"line":2,"column":14},"end":{"line":2,"column":30}},"2":{"start":{"line":3,"column":0},"end":{"line":3,"column":27}},"3":{"start":{"line":5,"column":23},"end":{"line":5,"column":49}},"4":{"start":{"line":6,"column":17},"end":{"line":6,"column":64}},"5":{"start":{"line":8,"column":22},"end":{"line":11,"column":2}},"6":{"start":{"line":14,"column":4},"end":{"line":32,"column":5}},"7":{"start":{"line":15,"column":25},"end":{"line":20,"column":10}},"8":{"start":{"line":22,"column":8},"end":{"line":28,"column":9}},"9":{"start":{"line":23,"column":29},"end":{"line":23,"column":71}},"10":{"start":{"line":24,"column":12},"end":{"line":24,"column":48}},"11":{"start":{"line":26,"column":12},"end":{"line":26,"column":86}},"12":{"start":{"line":27,"column":12},"end":{"line":27,"column":24}},"13":{"start":{"line":30,"column":8},"end":{"line":30,"column":91}},"14":{"start":{"line":31,"column":8},"end":{"line":31,"column":20}},"15":{"start":{"line":36,"column":0},"end":{"line":53,"column":2}},"16":{"start":{"line":37,"column":4},"end":{"line":52,"column":5}},"17":{"start":{"line":38,"column":23},"end":{"line":38,"column":58}},"18":{"start":{"line":39,"column":34},"end":{"line":47,"column":11}},"19":{"start":{"line":39,"column":55},"end":{"line":47,"column":9}},"20":{"start":{"line":49,"column":8},"end":{"line":49,"column":48}},"21":{"start":{"line":51,"column":8},"end":{"line":51,"column":55}},"22":{"start":{"line":55,"column":0},"end":{"line":102,"column":2}},"23":{"start":{"line":56,"column":4},"end":{"line":101,"column":5}},"24":{"start":{"line":57,"column":26},"end":{"line":57,"column":61}},"25":{"start":{"line":58,"column":8},"end":{"line":58,"column":54}},"26":{"start":{"line":60,"column":32},"end":{"line":60,"column":34}},"27":{"start":{"line":61,"column":8},"end":{"line":65,"column":11}},"28":{"start":{"line":62,"column":12},"end":{"line":64,"column":13}},"29":{"start":{"line":63,"column":16},"end":{"line":63,"column":65}},"30":{"start":{"line":66,"column":8},"end":{"line":66,"column":59}},"31":{"start":{"line":68,"column":8},"end":{"line":70,"column":9}},"32":{"start":{"line":69,"column":12},"end":{"line":69,"column":85}},"33":{"start":{"line":72,"column":36},"end":{"line":72,"column":38}},"34":{"start":{"line":73,"column":8},"end":{"line":79,"column":9}},"35":{"start":{"line":74,"column":27},"end":{"line":74,"column":56}},"36":{"start":{"line":75,"column":12},"end":{"line":75,"column":63}},"37":{"start":{"line":76,"column":12},"end":{"line":78,"column":13}},"38":{"start":{"line":77,"column":16},"end":{"line":77,"column":54}},"39":{"start":{"line":80,"column":8},"end":{"line":80,"column":67}},"40":{"start":{"line":82,"column":8},"end":{"line":84,"column":9}},"41":{"start":{"line":83,"column":12},"end":{"line":83,"column":95}},"42":{"start":{"line":86,"column":30},"end":{"line":94,"column":9}},"43":{"start":{"line":95,"column":8},"end":{"line":95,"column":74}},"44":{"start":{"line":97,"column":8},"end":{"line":97,"column":49}},"45":{"start":{"line":99,"column":8},"end":{"line":99,"column":71}},"46":{"start":{"line":100,"column":8},"end":{"line":100,"column":55}},"47":{"start":{"line":104,"column":0},"end":{"line":113,"column":2}},"48":{"start":{"line":105,"column":4},"end":{"line":112,"column":5}},"49":{"start":{"line":106,"column":27},"end":{"line":106,"column":37}},"50":{"start":{"line":107,"column":26},"end":{"line":107,"column":61}},"51":{"start":{"line":108,"column":31},"end":{"line":108,"column":90}},"52":{"start":{"line":108,"column":57},"end":{"line":108,"column":89}},"53":{"start":{"line":109,"column":8},"end":{"line":109,"column":45}},"54":{"start":{"line":111,"column":8},"end":{"line":111,"column":55}},"55":{"start":{"line":115,"column":0},"end":{"line":124,"column":2}},"56":{"start":{"line":116,"column":4},"end":{"line":123,"column":5}},"57":{"start":{"line":117,"column":27},"end":{"line":117,"column":37}},"58":{"start":{"line":118,"column":26},"end":{"line":118,"column":61}},"59":{"start":{"line":119,"column":31},"end":{"line":119,"column":90}},"60":{"start":{"line":119,"column":57},"end":{"line":119,"column":89}},"61":{"start":{"line":120,"column":8},"end":{"line":120,"column":45}},"62":{"start":{"line":122,"column":8},"end":{"line":122,"column":55}}},"fnMap":{"0":{"name":"getCoordinates","decl":{"start":{"line":13,"column":15},"end":{"line":13,"column":29}},"loc":{"start":{"line":13,"column":39},"end":{"line":33,"column":1}},"line":13},"1":{"name":"(anonymous_1)","decl":{"start":{"line":36,"column":23},"end":{"line":36,"column":24}},"loc":{"start":{"line":36,"column":43},"end":{"line":53,"column":1}},"line":36},"2":{"name":"(anonymous_2)","decl":{"start":{"line":39,"column":45},"end":{"line":39,"column":46}},"loc":{"start":{"line":39,"column":55},"end":{"line":47,"column":9}},"line":39},"3":{"name":"(anonymous_3)","decl":{"start":{"line":55,"column":31},"end":{"line":55,"column":32}},"loc":{"start":{"line":55,"column":51},"end":{"line":102,"column":1}},"line":55},"4":{"name":"(anonymous_4)","decl":{"start":{"line":61,"column":26},"end":{"line":61,"column":27}},"loc":{"start":{"line":61,"column":35},"end":{"line":65,"column":9}},"line":61},"5":{"name":"(anonymous_5)","decl":{"start":{"line":104,"column":28},"end":{"line":104,"column":29}},"loc":{"start":{"line":104,"column":48},"end":{"line":113,"column":1}},"line":104},"6":{"name":"(anonymous_6)","decl":{"start":{"line":108,"column":48},"end":{"line":108,"column":49}},"loc":{"start":{"line":108,"column":57},"end":{"line":108,"column":89}},"line":108},"7":{"name":"(anonymous_7)","decl":{"start":{"line":115,"column":29},"end":{"line":115,"column":30}},"loc":{"start":{"line":115,"column":49},"end":{"line":124,"column":1}},"line":115},"8":{"name":"(anonymous_8)","decl":{"start":{"line":119,"column":48},"end":{"line":119,"column":49}},"loc":{"start":{"line":119,"column":57},"end":{"line":119,"column":89}},"line":119}},"branchMap":{"0":{"loc":{"start":{"line":6,"column":17},"end":{"line":6,"column":64}},"type":"binary-expr","locations":[{"start":{"line":6,"column":17},"end":{"line":6,"column":37}},{"start":{"line":6,"column":41},"end":{"line":6,"column":64}}],"line":6},"1":{"loc":{"start":{"line":22,"column":8},"end":{"line":28,"column":9}},"type":"if","locations":[{"start":{"line":22,"column":8},"end":{"line":28,"column":9}},{"start":{"line":25,"column":15},"end":{"line":28,"column":9}}],"line":22},"2":{"loc":{"start":{"line":62,"column":12},"end":{"line":64,"column":13}},"type":"if","locations":[{"start":{"line":62,"column":12},"end":{"line":64,"column":13}},{"start":{},"end":{}}],"line":62},"3":{"loc":{"start":{"line":68,"column":8},"end":{"line":70,"column":9}},"type":"if","locations":[{"start":{"line":68,"column":8},"end":{"line":70,"column":9}},{"start":{},"end":{}}],"line":68},"4":{"loc":{"start":{"line":76,"column":12},"end":{"line":78,"column":13}},"type":"if","locations":[{"start":{"line":76,"column":12},"end":{"line":78,"column":13}},{"start":{},"end":{}}],"line":76},"5":{"loc":{"start":{"line":82,"column":8},"end":{"line":84,"column":9}},"type":"if","locations":[{"start":{"line":82,"column":8},"end":{"line":84,"column":9}},{"start":{},"end":{}}],"line":82}},"s":{"0":1,"1":1,"2":1,"3":1,"4":1,"5":1,"6":1,"7":1,"8":1,"9":1,"10":1,"11":0,"12":0,"13":0,"14":0,"15":1,"16":2,"17":2,"18":1,"19":1,"20":1,"21":1,"22":1,"23":2,"24":2,"25":2,"26":2,"27":2,"28":2,"29":1,"30":2,"31":2,"32":1,"33":1,"34":1,"35":1,"36":1,"37":1,"38":1,"39":1,"40":1,"41":0,"42":1,"43":0,"44":0,"45":1,"46":1,"47":1,"48":1,"49":1,"50":1,"51":1,"52":2,"53":1,"54":0,"55":1,"56":1,"57":1,"58":1,"59":1,"60":2,"61":1,"62":0},"f":{"0":1,"1":2,"2":1,"3":2,"4":2,"5":1,"6":2,"7":1,"8":2},"b":{"0":[1,1],"1":[1,0],"2":[1,1],"3":[1,1],"4":[1,0],"5":[0,1]},"_coverageSchema":"1a1c01bbd47fc00a2c39e90264f33305004495a9","hash":"fcbd12ccd8429dd531536492656011dacc4ea975"}
}
