{"/home/borimir-ganchev/Documents/GitHub/RouteOptimizer/RouteOptimizer-Backend/Backend/index.js": {"path":"/home/borimir-ganchev/Documents/GitHub/RouteOptimizer/RouteOptimizer-Backend/Backend/index.js","statementMap":{"0":{"start":{"line":1,"column":0},"end":{"line":1,"column":27}},"1":{"start":{"line":2,"column":13},"end":{"line":2,"column":28}},"2":{"start":{"line":3,"column":16},"end":{"line":3,"column":34}},"3":{"start":{"line":4,"column":12},"end":{"line":4,"column":35}},"4":{"start":{"line":5,"column":12},"end":{"line":5,"column":21}},"5":{"start":{"line":6,"column":18},"end":{"line":6,"column":58}},"6":{"start":{"line":7,"column":18},"end":{"line":7,"column":57}},"7":{"start":{"line":8,"column":19},"end":{"line":8,"column":64}},"8":{"start":{"line":9,"column":18},"end":{"line":9,"column":44}},"9":{"start":{"line":10,"column":17},"end":{"line":10,"column":36}},"10":{"start":{"line":12,"column":13},"end":{"line":12,"column":17}},"11":{"start":{"line":15,"column":20},"end":{"line":25,"column":1}},"12":{"start":{"line":27,"column":0},"end":{"line":27,"column":27}},"13":{"start":{"line":28,"column":0},"end":{"line":28,"column":24}},"14":{"start":{"line":30,"column":0},"end":{"line":32,"column":3}},"15":{"start":{"line":31,"column":2},"end":{"line":31,"column":51}},"16":{"start":{"line":34,"column":0},"end":{"line":34,"column":12}},"17":{"start":{"line":36,"column":0},"end":{"line":36,"column":38}},"18":{"start":{"line":38,"column":0},"end":{"line":40,"column":3}},"19":{"start":{"line":39,"column":2},"end":{"line":39,"column":29}},"20":{"start":{"line":42,"column":0},"end":{"line":44,"column":3}},"21":{"start":{"line":43,"column":2},"end":{"line":43,"column":54}},"22":{"start":{"line":46,"column":0},"end":{"line":61,"column":3}},"23":{"start":{"line":47,"column":2},"end":{"line":60,"column":3}},"24":{"start":{"line":48,"column":18},"end":{"line":48,"column":58}},"25":{"start":{"line":49,"column":4},"end":{"line":49,"column":73}},"26":{"start":{"line":49,"column":16},"end":{"line":49,"column":73}},"27":{"start":{"line":51,"column":20},"end":{"line":51,"column":60}},"28":{"start":{"line":52,"column":17},"end":{"line":52,"column":53}},"29":{"start":{"line":54,"column":4},"end":{"line":54,"column":74}},"30":{"start":{"line":54,"column":15},"end":{"line":54,"column":74}},"31":{"start":{"line":56,"column":4},"end":{"line":56,"column":19}},"32":{"start":{"line":58,"column":4},"end":{"line":58,"column":50}},"33":{"start":{"line":59,"column":4},"end":{"line":59,"column":61}},"34":{"start":{"line":63,"column":0},"end":{"line":77,"column":3}},"35":{"start":{"line":64,"column":2},"end":{"line":76,"column":3}},"36":{"start":{"line":65,"column":18},"end":{"line":65,"column":58}},"37":{"start":{"line":66,"column":4},"end":{"line":66,"column":73}},"38":{"start":{"line":66,"column":16},"end":{"line":66,"column":73}},"39":{"start":{"line":68,"column":20},"end":{"line":68,"column":61}},"40":{"start":{"line":69,"column":27},"end":{"line":69,"column":37}},"41":{"start":{"line":71,"column":18},"end":{"line":71,"column":85}},"42":{"start":{"line":72,"column":4},"end":{"line":72,"column":20}},"43":{"start":{"line":74,"column":4},"end":{"line":74,"column":50}},"44":{"start":{"line":75,"column":4},"end":{"line":75,"column":69}},"45":{"start":{"line":79,"column":0},"end":{"line":94,"column":3}},"46":{"start":{"line":80,"column":2},"end":{"line":93,"column":3}},"47":{"start":{"line":81,"column":19},"end":{"line":81,"column":29}},"48":{"start":{"line":82,"column":17},"end":{"line":82,"column":45}},"49":{"start":{"line":84,"column":4},"end":{"line":86,"column":5}},"50":{"start":{"line":85,"column":6},"end":{"line":85,"column":81}},"51":{"start":{"line":88,"column":19},"end":{"line":88,"column":71}},"52":{"start":{"line":89,"column":4},"end":{"line":89,"column":21}},"53":{"start":{"line":91,"column":4},"end":{"line":91,"column":51}},"54":{"start":{"line":92,"column":4},"end":{"line":92,"column":61}},"55":{"start":{"line":96,"column":0},"end":{"line":105,"column":3}},"56":{"start":{"line":97,"column":2},"end":{"line":104,"column":3}},"57":{"start":{"line":98,"column":23},"end":{"line":98,"column":31}},"58":{"start":{"line":99,"column":4},"end":{"line":99,"column":65}},"59":{"start":{"line":101,"column":4},"end":{"line":101,"column":62}},"60":{"start":{"line":103,"column":4},"end":{"line":103,"column":75}},"61":{"start":{"line":107,"column":0},"end":{"line":120,"column":3}},"62":{"start":{"line":108,"column":16},"end":{"line":108,"column":56}},"63":{"start":{"line":109,"column":2},"end":{"line":109,"column":71}},"64":{"start":{"line":109,"column":14},"end":{"line":109,"column":71}},"65":{"start":{"line":111,"column":18},"end":{"line":111,"column":59}},"66":{"start":{"line":112,"column":17},"end":{"line":112,"column":27}},"67":{"start":{"line":113,"column":23},"end":{"line":113,"column":31}},"68":{"start":{"line":115,"column":2},"end":{"line":117,"column":5}},"69":{"start":{"line":119,"column":2},"end":{"line":119,"column":54}},"70":{"start":{"line":122,"column":0},"end":{"line":136,"column":3}},"71":{"start":{"line":123,"column":2},"end":{"line":135,"column":3}},"72":{"start":{"line":124,"column":19},"end":{"line":124,"column":29}},"73":{"start":{"line":125,"column":18},"end":{"line":125,"column":47}},"74":{"start":{"line":127,"column":4},"end":{"line":129,"column":5}},"75":{"start":{"line":128,"column":6},"end":{"line":128,"column":66}},"76":{"start":{"line":131,"column":4},"end":{"line":131,"column":20}},"77":{"start":{"line":133,"column":4},"end":{"line":133,"column":50}},"78":{"start":{"line":134,"column":4},"end":{"line":134,"column":61}},"79":{"start":{"line":138,"column":0},"end":{"line":158,"column":3}},"80":{"start":{"line":139,"column":2},"end":{"line":157,"column":3}},"81":{"start":{"line":140,"column":24},"end":{"line":140,"column":34}},"82":{"start":{"line":141,"column":28},"end":{"line":141,"column":36}},"83":{"start":{"line":143,"column":25},"end":{"line":147,"column":5}},"84":{"start":{"line":149,"column":4},"end":{"line":151,"column":5}},"85":{"start":{"line":150,"column":6},"end":{"line":150,"column":66}},"86":{"start":{"line":153,"column":4},"end":{"line":153,"column":77}},"87":{"start":{"line":155,"column":4},"end":{"line":155,"column":50}},"88":{"start":{"line":156,"column":4},"end":{"line":156,"column":61}},"89":{"start":{"line":160,"column":0},"end":{"line":180,"column":3}},"90":{"start":{"line":161,"column":2},"end":{"line":179,"column":3}},"91":{"start":{"line":162,"column":23},"end":{"line":162,"column":33}},"92":{"start":{"line":163,"column":24},"end":{"line":163,"column":32}},"93":{"start":{"line":165,"column":17},"end":{"line":169,"column":5}},"94":{"start":{"line":171,"column":4},"end":{"line":173,"column":5}},"95":{"start":{"line":172,"column":6},"end":{"line":172,"column":65}},"96":{"start":{"line":175,"column":4},"end":{"line":175,"column":64}},"97":{"start":{"line":177,"column":4},"end":{"line":177,"column":50}},"98":{"start":{"line":178,"column":4},"end":{"line":178,"column":61}},"99":{"start":{"line":182,"column":0},"end":{"line":208,"column":3}},"100":{"start":{"line":183,"column":2},"end":{"line":207,"column":3}},"101":{"start":{"line":184,"column":19},"end":{"line":184,"column":29}},"102":{"start":{"line":185,"column":23},"end":{"line":185,"column":31}},"103":{"start":{"line":187,"column":4},"end":{"line":189,"column":5}},"104":{"start":{"line":188,"column":6},"end":{"line":188,"column":80}},"105":{"start":{"line":191,"column":24},"end":{"line":195,"column":5}},"106":{"start":{"line":197,"column":4},"end":{"line":200,"column":5}},"107":{"start":{"line":198,"column":6},"end":{"line":198,"column":50}},"108":{"start":{"line":199,"column":6},"end":{"line":199,"column":65}},"109":{"start":{"line":202,"column":4},"end":{"line":202,"column":62}},"110":{"start":{"line":203,"column":4},"end":{"line":203,"column":77}},"111":{"start":{"line":205,"column":4},"end":{"line":205,"column":52}},"112":{"start":{"line":206,"column":4},"end":{"line":206,"column":71}},"113":{"start":{"line":210,"column":0},"end":{"line":212,"column":3}},"114":{"start":{"line":211,"column":2},"end":{"line":211,"column":54}},"115":{"start":{"line":214,"column":0},"end":{"line":244,"column":3}},"116":{"start":{"line":215,"column":28},"end":{"line":215,"column":36}},"117":{"start":{"line":216,"column":0},"end":{"line":243,"column":1}},"118":{"start":{"line":217,"column":2},"end":{"line":217,"column":49}},"119":{"start":{"line":218,"column":2},"end":{"line":218,"column":75}},"120":{"start":{"line":220,"column":15},"end":{"line":220,"column":49}},"121":{"start":{"line":221,"column":2},"end":{"line":221,"column":63}},"122":{"start":{"line":223,"column":2},"end":{"line":225,"column":3}},"123":{"start":{"line":224,"column":4},"end":{"line":224,"column":63}},"124":{"start":{"line":227,"column":2},"end":{"line":229,"column":3}},"125":{"start":{"line":228,"column":4},"end":{"line":228,"column":65}},"126":{"start":{"line":230,"column":2},"end":{"line":230,"column":68}},"127":{"start":{"line":232,"column":16},"end":{"line":236,"column":3}},"128":{"start":{"line":238,"column":2},"end":{"line":238,"column":78}},"129":{"start":{"line":240,"column":2},"end":{"line":240,"column":37}},"130":{"start":{"line":241,"column":2},"end":{"line":241,"column":43}},"131":{"start":{"line":242,"column":2},"end":{"line":242,"column":72}},"132":{"start":{"line":246,"column":21},"end":{"line":246,"column":60}},"133":{"start":{"line":248,"column":0},"end":{"line":278,"column":3}},"134":{"start":{"line":249,"column":2},"end":{"line":277,"column":3}},"135":{"start":{"line":250,"column":54},"end":{"line":250,"column":62}},"136":{"start":{"line":252,"column":4},"end":{"line":252,"column":43}},"137":{"start":{"line":254,"column":4},"end":{"line":256,"column":5}},"138":{"start":{"line":255,"column":6},"end":{"line":255,"column":74}},"139":{"start":{"line":258,"column":26},"end":{"line":258,"column":38}},"140":{"start":{"line":260,"column":20},"end":{"line":268,"column":6}},"141":{"start":{"line":270,"column":4},"end":{"line":270,"column":45}},"142":{"start":{"line":272,"column":4},"end":{"line":272,"column":25}},"143":{"start":{"line":273,"column":4},"end":{"line":273,"column":70}},"144":{"start":{"line":275,"column":4},"end":{"line":275,"column":47}},"145":{"start":{"line":276,"column":4},"end":{"line":276,"column":81}},"146":{"start":{"line":280,"column":0},"end":{"line":304,"column":3}},"147":{"start":{"line":281,"column":0},"end":{"line":303,"column":1}},"148":{"start":{"line":282,"column":97},"end":{"line":282,"column":105}},"149":{"start":{"line":284,"column":2},"end":{"line":286,"column":3}},"150":{"start":{"line":285,"column":4},"end":{"line":285,"column":72}},"151":{"start":{"line":288,"column":19},"end":{"line":296,"column":4}},"152":{"start":{"line":298,"column":2},"end":{"line":298,"column":24}},"153":{"start":{"line":299,"column":2},"end":{"line":299,"column":83}},"154":{"start":{"line":301,"column":2},"end":{"line":301,"column":46}},"155":{"start":{"line":302,"column":2},"end":{"line":302,"column":80}}},"fnMap":{"0":{"name":"(anonymous_0)","decl":{"start":{"line":30,"column":28},"end":{"line":30,"column":29}},"loc":{"start":{"line":30,"column":34},"end":{"line":32,"column":1}},"line":30},"1":{"name":"(anonymous_1)","decl":{"start":{"line":38,"column":19},"end":{"line":38,"column":20}},"loc":{"start":{"line":38,"column":33},"end":{"line":40,"column":1}},"line":38},"2":{"name":"(anonymous_2)","decl":{"start":{"line":42,"column":13},"end":{"line":42,"column":14}},"loc":{"start":{"line":42,"column":27},"end":{"line":44,"column":1}},"line":42},"3":{"name":"(anonymous_3)","decl":{"start":{"line":46,"column":26},"end":{"line":46,"column":27}},"loc":{"start":{"line":46,"column":46},"end":{"line":61,"column":1}},"line":46},"4":{"name":"(anonymous_4)","decl":{"start":{"line":63,"column":26},"end":{"line":63,"column":27}},"loc":{"start":{"line":63,"column":46},"end":{"line":77,"column":1}},"line":63},"5":{"name":"(anonymous_5)","decl":{"start":{"line":79,"column":38},"end":{"line":79,"column":39}},"loc":{"start":{"line":79,"column":58},"end":{"line":94,"column":1}},"line":79},"6":{"name":"(anonymous_6)","decl":{"start":{"line":96,"column":38},"end":{"line":96,"column":39}},"loc":{"start":{"line":96,"column":58},"end":{"line":105,"column":1}},"line":96},"7":{"name":"(anonymous_7)","decl":{"start":{"line":107,"column":36},"end":{"line":107,"column":37}},"loc":{"start":{"line":107,"column":56},"end":{"line":120,"column":1}},"line":107},"8":{"name":"(anonymous_8)","decl":{"start":{"line":122,"column":32},"end":{"line":122,"column":33}},"loc":{"start":{"line":122,"column":52},"end":{"line":136,"column":1}},"line":122},"9":{"name":"(anonymous_9)","decl":{"start":{"line":138,"column":37},"end":{"line":138,"column":38}},"loc":{"start":{"line":138,"column":57},"end":{"line":158,"column":1}},"line":138},"10":{"name":"(anonymous_10)","decl":{"start":{"line":160,"column":46},"end":{"line":160,"column":47}},"loc":{"start":{"line":160,"column":66},"end":{"line":180,"column":1}},"line":160},"11":{"name":"(anonymous_11)","decl":{"start":{"line":182,"column":44},"end":{"line":182,"column":45}},"loc":{"start":{"line":182,"column":64},"end":{"line":208,"column":1}},"line":182},"12":{"name":"(anonymous_12)","decl":{"start":{"line":210,"column":21},"end":{"line":210,"column":22}},"loc":{"start":{"line":210,"column":35},"end":{"line":212,"column":1}},"line":210},"13":{"name":"(anonymous_13)","decl":{"start":{"line":214,"column":27},"end":{"line":214,"column":28}},"loc":{"start":{"line":214,"column":47},"end":{"line":244,"column":1}},"line":214},"14":{"name":"(anonymous_14)","decl":{"start":{"line":248,"column":42},"end":{"line":248,"column":43}},"loc":{"start":{"line":248,"column":62},"end":{"line":278,"column":1}},"line":248},"15":{"name":"(anonymous_15)","decl":{"start":{"line":280,"column":29},"end":{"line":280,"column":30}},"loc":{"start":{"line":280,"column":49},"end":{"line":304,"column":1}},"line":280}},"branchMap":{"0":{"loc":{"start":{"line":49,"column":4},"end":{"line":49,"column":73}},"type":"if","locations":[{"start":{"line":49,"column":4},"end":{"line":49,"column":73}},{"start":{},"end":{}}],"line":49},"1":{"loc":{"start":{"line":54,"column":4},"end":{"line":54,"column":74}},"type":"if","locations":[{"start":{"line":54,"column":4},"end":{"line":54,"column":74}},{"start":{},"end":{}}],"line":54},"2":{"loc":{"start":{"line":66,"column":4},"end":{"line":66,"column":73}},"type":"if","locations":[{"start":{"line":66,"column":4},"end":{"line":66,"column":73}},{"start":{},"end":{}}],"line":66},"3":{"loc":{"start":{"line":84,"column":4},"end":{"line":86,"column":5}},"type":"if","locations":[{"start":{"line":84,"column":4},"end":{"line":86,"column":5}},{"start":{},"end":{}}],"line":84},"4":{"loc":{"start":{"line":84,"column":8},"end":{"line":84,"column":36}},"type":"binary-expr","locations":[{"start":{"line":84,"column":8},"end":{"line":84,"column":13}},{"start":{"line":84,"column":17},"end":{"line":84,"column":36}}],"line":84},"5":{"loc":{"start":{"line":109,"column":2},"end":{"line":109,"column":71}},"type":"if","locations":[{"start":{"line":109,"column":2},"end":{"line":109,"column":71}},{"start":{},"end":{}}],"line":109},"6":{"loc":{"start":{"line":127,"column":4},"end":{"line":129,"column":5}},"type":"if","locations":[{"start":{"line":127,"column":4},"end":{"line":129,"column":5}},{"start":{},"end":{}}],"line":127},"7":{"loc":{"start":{"line":149,"column":4},"end":{"line":151,"column":5}},"type":"if","locations":[{"start":{"line":149,"column":4},"end":{"line":151,"column":5}},{"start":{},"end":{}}],"line":149},"8":{"loc":{"start":{"line":171,"column":4},"end":{"line":173,"column":5}},"type":"if","locations":[{"start":{"line":171,"column":4},"end":{"line":173,"column":5}},{"start":{},"end":{}}],"line":171},"9":{"loc":{"start":{"line":187,"column":4},"end":{"line":189,"column":5}},"type":"if","locations":[{"start":{"line":187,"column":4},"end":{"line":189,"column":5}},{"start":{},"end":{}}],"line":187},"10":{"loc":{"start":{"line":187,"column":8},"end":{"line":187,"column":64}},"type":"binary-expr","locations":[{"start":{"line":187,"column":8},"end":{"line":187,"column":15}},{"start":{"line":187,"column":19},"end":{"line":187,"column":41}},{"start":{"line":187,"column":45},"end":{"line":187,"column":64}}],"line":187},"11":{"loc":{"start":{"line":197,"column":4},"end":{"line":200,"column":5}},"type":"if","locations":[{"start":{"line":197,"column":4},"end":{"line":200,"column":5}},{"start":{},"end":{}}],"line":197},"12":{"loc":{"start":{"line":223,"column":2},"end":{"line":225,"column":3}},"type":"if","locations":[{"start":{"line":223,"column":2},"end":{"line":225,"column":3}},{"start":{},"end":{}}],"line":223},"13":{"loc":{"start":{"line":227,"column":2},"end":{"line":229,"column":3}},"type":"if","locations":[{"start":{"line":227,"column":2},"end":{"line":229,"column":3}},{"start":{},"end":{}}],"line":227},"14":{"loc":{"start":{"line":254,"column":4},"end":{"line":256,"column":5}},"type":"if","locations":[{"start":{"line":254,"column":4},"end":{"line":256,"column":5}},{"start":{},"end":{}}],"line":254},"15":{"loc":{"start":{"line":254,"column":8},"end":{"line":254,"column":45}},"type":"binary-expr","locations":[{"start":{"line":254,"column":8},"end":{"line":254,"column":13}},{"start":{"line":254,"column":17},"end":{"line":254,"column":23}},{"start":{"line":254,"column":27},"end":{"line":254,"column":36}},{"start":{"line":254,"column":40},"end":{"line":254,"column":45}}],"line":254},"16":{"loc":{"start":{"line":265,"column":14},"end":{"line":265,"column":57}},"type":"cond-expr","locations":[{"start":{"line":265,"column":32},"end":{"line":265,"column":45}},{"start":{"line":265,"column":48},"end":{"line":265,"column":57}}],"line":265},"17":{"loc":{"start":{"line":266,"column":19},"end":{"line":266,"column":62}},"type":"cond-expr","locations":[{"start":{"line":266,"column":37},"end":{"line":266,"column":50}},{"start":{"line":266,"column":53},"end":{"line":266,"column":62}}],"line":266},"18":{"loc":{"start":{"line":267,"column":16},"end":{"line":267,"column":72}},"type":"cond-expr","locations":[{"start":{"line":267,"column":48},"end":{"line":267,"column":60}},{"start":{"line":267,"column":63},"end":{"line":267,"column":72}}],"line":267},"19":{"loc":{"start":{"line":267,"column":16},"end":{"line":267,"column":45}},"type":"binary-expr","locations":[{"start":{"line":267,"column":16},"end":{"line":267,"column":31}},{"start":{"line":267,"column":35},"end":{"line":267,"column":38}},{"start":{"line":267,"column":42},"end":{"line":267,"column":45}}],"line":267},"20":{"loc":{"start":{"line":284,"column":2},"end":{"line":286,"column":3}},"type":"if","locations":[{"start":{"line":284,"column":2},"end":{"line":286,"column":3}},{"start":{},"end":{}}],"line":284},"21":{"loc":{"start":{"line":284,"column":6},"end":{"line":284,"column":104}},"type":"binary-expr","locations":[{"start":{"line":284,"column":6},"end":{"line":284,"column":15}},{"start":{"line":284,"column":19},"end":{"line":284,"column":33}},{"start":{"line":284,"column":37},"end":{"line":284,"column":54}},{"start":{"line":284,"column":58},"end":{"line":284,"column":70}},{"start":{"line":284,"column":74},"end":{"line":284,"column":89}},{"start":{"line":284,"column":93},"end":{"line":284,"column":104}}],"line":284}},"s":{"0":14,"1":14,"2":14,"3":14,"4":14,"5":14,"6":14,"7":14,"8":14,"9":14,"10":14,"11":14,"12":14,"13":14,"14":14,"15":14,"16":14,"17":14,"18":14,"19":1,"20":14,"21":1,"22":14,"23":4,"24":4,"25":4,"26":1,"27":3,"28":2,"29":2,"30":1,"31":1,"32":1,"33":1,"34":14,"35":3,"36":3,"37":3,"38":1,"39":2,"40":1,"41":1,"42":1,"43":1,"44":1,"45":14,"46":3,"47":3,"48":3,"49":2,"50":1,"51":1,"52":1,"53":1,"54":1,"55":14,"56":2,"57":2,"58":2,"59":1,"60":1,"61":14,"62":2,"63":2,"64":1,"65":1,"66":1,"67":1,"68":1,"69":1,"70":14,"71":3,"72":3,"73":3,"74":2,"75":1,"76":1,"77":1,"78":1,"79":14,"80":3,"81":3,"82":3,"83":3,"84":2,"85":1,"86":1,"87":1,"88":1,"89":14,"90":3,"91":3,"92":3,"93":3,"94":2,"95":1,"96":1,"97":1,"98":1,"99":14,"100":4,"101":4,"102":4,"103":4,"104":1,"105":3,"106":2,"107":1,"108":1,"109":1,"110":1,"111":1,"112":1,"113":14,"114":1,"115":14,"116":4,"117":4,"118":4,"119":4,"120":4,"121":3,"122":3,"123":1,"124":2,"125":1,"126":1,"127":1,"128":1,"129":1,"130":1,"131":1,"132":14,"133":14,"134":3,"135":3,"136":3,"137":3,"138":1,"139":2,"140":2,"141":2,"142":2,"143":1,"144":1,"145":1,"146":14,"147":3,"148":3,"149":3,"150":1,"151":2,"152":2,"153":1,"154":1,"155":1},"f":{"0":14,"1":1,"2":1,"3":4,"4":3,"5":3,"6":2,"7":2,"8":3,"9":3,"10":3,"11":4,"12":1,"13":4,"14":3,"15":3},"b":{"0":[1,3],"1":[1,1],"2":[1,2],"3":[1,1],"4":[2,1],"5":[1,1],"6":[1,1],"7":[1,1],"8":[1,1],"9":[1,3],"10":[4,4,4],"11":[1,1],"12":[1,2],"13":[1,1],"14":[1,2],"15":[3,2,2,2],"16":[1,1],"17":[1,1],"18":[1,1],"19":[2,1,1],"20":[1,2],"21":[3,2,2,2,2,2]},"_coverageSchema":"1a1c01bbd47fc00a2c39e90264f33305004495a9","hash":"9195e872f48bdcce19f1ae9081f0d0ce748394c7"}
,"/home/borimir-ganchev/Documents/GitHub/RouteOptimizer/RouteOptimizer-Backend/Backend/dataProcessing/dataExtraction.js": {"path":"/home/borimir-ganchev/Documents/GitHub/RouteOptimizer/RouteOptimizer-Backend/Backend/dataProcessing/dataExtraction.js","statementMap":{"0":{"start":{"line":1,"column":14},"end":{"line":1,"column":61}},"1":{"start":{"line":3,"column":0},"end":{"line":11,"column":2}},"2":{"start":{"line":4,"column":4},"end":{"line":10,"column":5}},"3":{"start":{"line":5,"column":23},"end":{"line":5,"column":41}},"4":{"start":{"line":6,"column":8},"end":{"line":6,"column":22}},"5":{"start":{"line":8,"column":8},"end":{"line":8,"column":63}},"6":{"start":{"line":9,"column":8},"end":{"line":9,"column":50}}},"fnMap":{"0":{"name":"(anonymous_0)","decl":{"start":{"line":3,"column":23},"end":{"line":3,"column":24}},"loc":{"start":{"line":3,"column":35},"end":{"line":11,"column":1}},"line":3}},"branchMap":{},"s":{"0":1,"1":1,"2":2,"3":2,"4":1,"5":1,"6":1},"f":{"0":2},"b":{},"_coverageSchema":"1a1c01bbd47fc00a2c39e90264f33305004495a9","hash":"63d55a6b2f1834b7e24914720b8c8c68404dabb1"}
,"/home/borimir-ganchev/Documents/GitHub/RouteOptimizer/RouteOptimizer-Backend/Backend/dataProcessing/dataProcessing.js": {"path":"/home/borimir-ganchev/Documents/GitHub/RouteOptimizer/RouteOptimizer-Backend/Backend/dataProcessing/dataProcessing.js","statementMap":{"0":{"start":{"line":1,"column":23},"end":{"line":1,"column":50}},"1":{"start":{"line":2,"column":14},"end":{"line":2,"column":30}},"2":{"start":{"line":3,"column":0},"end":{"line":3,"column":27}},"3":{"start":{"line":5,"column":23},"end":{"line":5,"column":49}},"4":{"start":{"line":6,"column":17},"end":{"line":6,"column":64}},"5":{"start":{"line":8,"column":22},"end":{"line":11,"column":2}},"6":{"start":{"line":14,"column":4},"end":{"line":32,"column":5}},"7":{"start":{"line":15,"column":25},"end":{"line":20,"column":10}},"8":{"start":{"line":22,"column":8},"end":{"line":28,"column":9}},"9":{"start":{"line":23,"column":29},"end":{"line":23,"column":71}},"10":{"start":{"line":24,"column":12},"end":{"line":24,"column":48}},"11":{"start":{"line":26,"column":12},"end":{"line":26,"column":86}},"12":{"start":{"line":27,"column":12},"end":{"line":27,"column":24}},"13":{"start":{"line":30,"column":8},"end":{"line":30,"column":91}},"14":{"start":{"line":31,"column":8},"end":{"line":31,"column":20}},"15":{"start":{"line":36,"column":0},"end":{"line":53,"column":2}},"16":{"start":{"line":37,"column":4},"end":{"line":52,"column":5}},"17":{"start":{"line":38,"column":23},"end":{"line":38,"column":58}},"18":{"start":{"line":39,"column":34},"end":{"line":47,"column":11}},"19":{"start":{"line":39,"column":55},"end":{"line":47,"column":9}},"20":{"start":{"line":49,"column":8},"end":{"line":49,"column":48}},"21":{"start":{"line":51,"column":8},"end":{"line":51,"column":55}},"22":{"start":{"line":55,"column":0},"end":{"line":102,"column":2}},"23":{"start":{"line":56,"column":4},"end":{"line":101,"column":5}},"24":{"start":{"line":57,"column":26},"end":{"line":57,"column":61}},"25":{"start":{"line":58,"column":8},"end":{"line":58,"column":54}},"26":{"start":{"line":60,"column":32},"end":{"line":60,"column":34}},"27":{"start":{"line":61,"column":8},"end":{"line":65,"column":11}},"28":{"start":{"line":62,"column":12},"end":{"line":64,"column":13}},"29":{"start":{"line":63,"column":16},"end":{"line":63,"column":65}},"30":{"start":{"line":66,"column":8},"end":{"line":66,"column":59}},"31":{"start":{"line":68,"column":8},"end":{"line":70,"column":9}},"32":{"start":{"line":69,"column":12},"end":{"line":69,"column":85}},"33":{"start":{"line":72,"column":36},"end":{"line":72,"column":38}},"34":{"start":{"line":73,"column":8},"end":{"line":79,"column":9}},"35":{"start":{"line":74,"column":27},"end":{"line":74,"column":56}},"36":{"start":{"line":75,"column":12},"end":{"line":75,"column":63}},"37":{"start":{"line":76,"column":12},"end":{"line":78,"column":13}},"38":{"start":{"line":77,"column":16},"end":{"line":77,"column":54}},"39":{"start":{"line":80,"column":8},"end":{"line":80,"column":67}},"40":{"start":{"line":82,"column":8},"end":{"line":84,"column":9}},"41":{"start":{"line":83,"column":12},"end":{"line":83,"column":95}},"42":{"start":{"line":86,"column":30},"end":{"line":94,"column":9}},"43":{"start":{"line":95,"column":8},"end":{"line":95,"column":74}},"44":{"start":{"line":97,"column":8},"end":{"line":97,"column":49}},"45":{"start":{"line":99,"column":8},"end":{"line":99,"column":71}},"46":{"start":{"line":100,"column":8},"end":{"line":100,"column":55}},"47":{"start":{"line":104,"column":0},"end":{"line":113,"column":2}},"48":{"start":{"line":105,"column":4},"end":{"line":112,"column":5}},"49":{"start":{"line":106,"column":27},"end":{"line":106,"column":37}},"50":{"start":{"line":107,"column":26},"end":{"line":107,"column":61}},"51":{"start":{"line":108,"column":31},"end":{"line":108,"column":90}},"52":{"start":{"line":108,"column":57},"end":{"line":108,"column":89}},"53":{"start":{"line":109,"column":8},"end":{"line":109,"column":45}},"54":{"start":{"line":111,"column":8},"end":{"line":111,"column":55}},"55":{"start":{"line":115,"column":0},"end":{"line":124,"column":2}},"56":{"start":{"line":116,"column":4},"end":{"line":123,"column":5}},"57":{"start":{"line":117,"column":27},"end":{"line":117,"column":37}},"58":{"start":{"line":118,"column":26},"end":{"line":118,"column":61}},"59":{"start":{"line":119,"column":31},"end":{"line":119,"column":90}},"60":{"start":{"line":119,"column":57},"end":{"line":119,"column":89}},"61":{"start":{"line":120,"column":8},"end":{"line":120,"column":45}},"62":{"start":{"line":122,"column":8},"end":{"line":122,"column":55}}},"fnMap":{"0":{"name":"getCoordinates","decl":{"start":{"line":13,"column":15},"end":{"line":13,"column":29}},"loc":{"start":{"line":13,"column":39},"end":{"line":33,"column":1}},"line":13},"1":{"name":"(anonymous_1)","decl":{"start":{"line":36,"column":23},"end":{"line":36,"column":24}},"loc":{"start":{"line":36,"column":43},"end":{"line":53,"column":1}},"line":36},"2":{"name":"(anonymous_2)","decl":{"start":{"line":39,"column":45},"end":{"line":39,"column":46}},"loc":{"start":{"line":39,"column":55},"end":{"line":47,"column":9}},"line":39},"3":{"name":"(anonymous_3)","decl":{"start":{"line":55,"column":31},"end":{"line":55,"column":32}},"loc":{"start":{"line":55,"column":51},"end":{"line":102,"column":1}},"line":55},"4":{"name":"(anonymous_4)","decl":{"start":{"line":61,"column":26},"end":{"line":61,"column":27}},"loc":{"start":{"line":61,"column":35},"end":{"line":65,"column":9}},"line":61},"5":{"name":"(anonymous_5)","decl":{"start":{"line":104,"column":28},"end":{"line":104,"column":29}},"loc":{"start":{"line":104,"column":48},"end":{"line":113,"column":1}},"line":104},"6":{"name":"(anonymous_6)","decl":{"start":{"line":108,"column":48},"end":{"line":108,"column":49}},"loc":{"start":{"line":108,"column":57},"end":{"line":108,"column":89}},"line":108},"7":{"name":"(anonymous_7)","decl":{"start":{"line":115,"column":29},"end":{"line":115,"column":30}},"loc":{"start":{"line":115,"column":49},"end":{"line":124,"column":1}},"line":115},"8":{"name":"(anonymous_8)","decl":{"start":{"line":119,"column":48},"end":{"line":119,"column":49}},"loc":{"start":{"line":119,"column":57},"end":{"line":119,"column":89}},"line":119}},"branchMap":{"0":{"loc":{"start":{"line":6,"column":17},"end":{"line":6,"column":64}},"type":"binary-expr","locations":[{"start":{"line":6,"column":17},"end":{"line":6,"column":37}},{"start":{"line":6,"column":41},"end":{"line":6,"column":64}}],"line":6},"1":{"loc":{"start":{"line":22,"column":8},"end":{"line":28,"column":9}},"type":"if","locations":[{"start":{"line":22,"column":8},"end":{"line":28,"column":9}},{"start":{"line":25,"column":15},"end":{"line":28,"column":9}}],"line":22},"2":{"loc":{"start":{"line":62,"column":12},"end":{"line":64,"column":13}},"type":"if","locations":[{"start":{"line":62,"column":12},"end":{"line":64,"column":13}},{"start":{},"end":{}}],"line":62},"3":{"loc":{"start":{"line":68,"column":8},"end":{"line":70,"column":9}},"type":"if","locations":[{"start":{"line":68,"column":8},"end":{"line":70,"column":9}},{"start":{},"end":{}}],"line":68},"4":{"loc":{"start":{"line":76,"column":12},"end":{"line":78,"column":13}},"type":"if","locations":[{"start":{"line":76,"column":12},"end":{"line":78,"column":13}},{"start":{},"end":{}}],"line":76},"5":{"loc":{"start":{"line":82,"column":8},"end":{"line":84,"column":9}},"type":"if","locations":[{"start":{"line":82,"column":8},"end":{"line":84,"column":9}},{"start":{},"end":{}}],"line":82}},"s":{"0":1,"1":1,"2":1,"3":1,"4":1,"5":1,"6":4,"7":4,"8":3,"9":2,"10":2,"11":1,"12":1,"13":1,"14":1,"15":1,"16":2,"17":2,"18":1,"19":1,"20":1,"21":1,"22":1,"23":5,"24":5,"25":5,"26":5,"27":5,"28":5,"29":4,"30":5,"31":5,"32":1,"33":4,"34":4,"35":4,"36":4,"37":4,"38":2,"39":4,"40":4,"41":2,"42":2,"43":1,"44":1,"45":1,"46":1,"47":1,"48":2,"49":2,"50":2,"51":1,"52":2,"53":1,"54":1,"55":1,"56":2,"57":2,"58":2,"59":1,"60":2,"61":1,"62":1},"f":{"0":4,"1":2,"2":1,"3":5,"4":5,"5":2,"6":2,"7":2,"8":2},"b":{"0":[1,1],"1":[2,1],"2":[4,1],"3":[1,4],"4":[2,2],"5":[2,2]},"_coverageSchema":"1a1c01bbd47fc00a2c39e90264f33305004495a9","hash":"fcbd12ccd8429dd531536492656011dacc4ea975"}
,"/home/borimir-ganchev/Documents/GitHub/RouteOptimizer/RouteOptimizer-Backend/Backend/databaseOrders/dbConnection.js": {"path":"/home/borimir-ganchev/Documents/GitHub/RouteOptimizer/RouteOptimizer-Backend/Backend/databaseOrders/dbConnection.js","statementMap":{"0":{"start":{"line":1,"column":0},"end":{"line":1,"column":27}},"1":{"start":{"line":2,"column":18},"end":{"line":2,"column":37}},"2":{"start":{"line":4,"column":14},"end":{"line":4,"column":37}},"3":{"start":{"line":5,"column":16},"end":{"line":5,"column":33}},"4":{"start":{"line":8,"column":4},"end":{"line":32,"column":5}},"5":{"start":{"line":9,"column":8},"end":{"line":18,"column":11}},"6":{"start":{"line":19,"column":8},"end":{"line":19,"column":39}},"7":{"start":{"line":21,"column":8},"end":{"line":21,"column":73}},"8":{"start":{"line":23,"column":8},"end":{"line":23,"column":78}},"9":{"start":{"line":26,"column":28},"end":{"line":26,"column":84}},"10":{"start":{"line":27,"column":8},"end":{"line":27,"column":76}},"11":{"start":{"line":27,"column":67},"end":{"line":27,"column":73}},"12":{"start":{"line":29,"column":8},"end":{"line":29,"column":60}},"13":{"start":{"line":30,"column":8},"end":{"line":30,"column":40}},"14":{"start":{"line":31,"column":8},"end":{"line":31,"column":18}},"15":{"start":{"line":35,"column":0},"end":{"line":35,"column":27}}},"fnMap":{"0":{"name":"connectDB","decl":{"start":{"line":7,"column":15},"end":{"line":7,"column":24}},"loc":{"start":{"line":7,"column":27},"end":{"line":33,"column":1}},"line":7},"1":{"name":"(anonymous_1)","decl":{"start":{"line":27,"column":62},"end":{"line":27,"column":63}},"loc":{"start":{"line":27,"column":67},"end":{"line":27,"column":73}},"line":27}},"branchMap":{},"s":{"0":2,"1":2,"2":2,"3":2,"4":2,"5":2,"6":1,"7":1,"8":1,"9":1,"10":1,"11":1,"12":1,"13":1,"14":1,"15":2},"f":{"0":2,"1":1},"b":{},"_coverageSchema":"1a1c01bbd47fc00a2c39e90264f33305004495a9","hash":"b652d5b2f62afe5655d2d82975deff36fb0281d8"}
,"/home/borimir-ganchev/Documents/GitHub/RouteOptimizer/RouteOptimizer-Backend/Backend/middlewares/authMiddleware.js": {"path":"/home/borimir-ganchev/Documents/GitHub/RouteOptimizer/RouteOptimizer-Backend/Backend/middlewares/authMiddleware.js","statementMap":{"0":{"start":{"line":1,"column":12},"end":{"line":1,"column":35}},"1":{"start":{"line":2,"column":18},"end":{"line":2,"column":58}},"2":{"start":{"line":4,"column":21},"end":{"line":26,"column":1}},"3":{"start":{"line":5,"column":21},"end":{"line":5,"column":46}},"4":{"start":{"line":7,"column":2},"end":{"line":9,"column":3}},"5":{"start":{"line":8,"column":4},"end":{"line":8,"column":66}},"6":{"start":{"line":11,"column":16},"end":{"line":11,"column":55}},"7":{"start":{"line":12,"column":2},"end":{"line":12,"column":31}},"8":{"start":{"line":14,"column":2},"end":{"line":25,"column":3}},"9":{"start":{"line":15,"column":20},"end":{"line":15,"column":61}},"10":{"start":{"line":16,"column":17},"end":{"line":16,"column":53}},"11":{"start":{"line":18,"column":4},"end":{"line":18,"column":74}},"12":{"start":{"line":18,"column":15},"end":{"line":18,"column":74}},"13":{"start":{"line":20,"column":4},"end":{"line":20,"column":20}},"14":{"start":{"line":21,"column":4},"end":{"line":21,"column":11}},"15":{"start":{"line":23,"column":4},"end":{"line":23,"column":50}},"16":{"start":{"line":24,"column":4},"end":{"line":24,"column":67}},"17":{"start":{"line":28,"column":0},"end":{"line":28,"column":30}}},"fnMap":{"0":{"name":"(anonymous_0)","decl":{"start":{"line":4,"column":21},"end":{"line":4,"column":22}},"loc":{"start":{"line":4,"column":47},"end":{"line":26,"column":1}},"line":4}},"branchMap":{"0":{"loc":{"start":{"line":7,"column":2},"end":{"line":9,"column":3}},"type":"if","locations":[{"start":{"line":7,"column":2},"end":{"line":9,"column":3}},{"start":{},"end":{}}],"line":7},"1":{"loc":{"start":{"line":7,"column":6},"end":{"line":7,"column":54}},"type":"binary-expr","locations":[{"start":{"line":7,"column":6},"end":{"line":7,"column":17}},{"start":{"line":7,"column":21},"end":{"line":7,"column":54}}],"line":7},"2":{"loc":{"start":{"line":18,"column":4},"end":{"line":18,"column":74}},"type":"if","locations":[{"start":{"line":18,"column":4},"end":{"line":18,"column":74}},{"start":{},"end":{}}],"line":18}},"s":{"0":1,"1":1,"2":1,"3":4,"4":4,"5":1,"6":3,"7":3,"8":3,"9":3,"10":2,"11":2,"12":1,"13":1,"14":1,"15":1,"16":1,"17":1},"f":{"0":4},"b":{"0":[1,3],"1":[4,3],"2":[1,1]},"_coverageSchema":"1a1c01bbd47fc00a2c39e90264f33305004495a9","hash":"04c5d2bb41c7f1b4be0742fc50f41965de07ae8d"}
,"/home/borimir-ganchev/Documents/GitHub/RouteOptimizer/RouteOptimizer-Backend/Backend/routes/orders.js": {"path":"/home/borimir-ganchev/Documents/GitHub/RouteOptimizer/RouteOptimizer-Backend/Backend/routes/orders.js","statementMap":{"0":{"start":{"line":1,"column":16},"end":{"line":1,"column":34}},"1":{"start":{"line":2,"column":12},"end":{"line":2,"column":21}},"2":{"start":{"line":3,"column":13},"end":{"line":3,"column":28}},"3":{"start":{"line":4,"column":22},"end":{"line":4,"column":65}},"4":{"start":{"line":5,"column":15},"end":{"line":5,"column":31}},"5":{"start":{"line":7,"column":0},"end":{"line":7,"column":16}},"6":{"start":{"line":8,"column":0},"end":{"line":8,"column":24}},"7":{"start":{"line":10,"column":0},"end":{"line":10,"column":52}},"8":{"start":{"line":12,"column":0},"end":{"line":12,"column":24}}},"fnMap":{},"branchMap":{},"s":{"0":1,"1":1,"2":1,"3":1,"4":1,"5":1,"6":1,"7":1,"8":1},"f":{},"b":{},"_coverageSchema":"1a1c01bbd47fc00a2c39e90264f33305004495a9","hash":"dab415681271675b7571f78afbbb36f0b4c2871a"}
}
