TN:
SF:dataProcessing/dataExtraction.js
FN:3,(anonymous_0)
FNF:1
FNH:1
FNDA:2,(anonymous_0)
DA:1,1
DA:3,1
DA:4,2
DA:5,2
DA:6,1
DA:8,1
DA:9,1
LF:7
LH:7
BRF:0
BRH:0
end_of_record
TN:
SF:dataProcessing/dataProcessing.js
FN:13,getCoordinates
FN:36,(anonymous_1)
FN:39,(anonymous_2)
FN:55,(anonymous_3)
FN:61,(anonymous_4)
FN:104,(anonymous_5)
FN:108,(anonymous_6)
FN:115,(anonymous_7)
FN:119,(anonymous_8)
FNF:9
FNH:9
FNDA:1,getCoordinates
FNDA:2,(anonymous_1)
FNDA:1,(anonymous_2)
FNDA:2,(anonymous_3)
FNDA:2,(anonymous_4)
FNDA:1,(anonymous_5)
FNDA:2,(anonymous_6)
FNDA:1,(anonymous_7)
FNDA:2,(anonymous_8)
DA:1,1
DA:2,1
DA:3,1
DA:5,1
DA:6,1
DA:8,1
DA:14,1
DA:15,1
DA:22,1
DA:23,1
DA:24,1
DA:26,0
DA:27,0
DA:30,0
DA:31,0
DA:36,1
DA:37,2
DA:38,2
DA:39,1
DA:49,1
DA:51,1
DA:55,1
DA:56,2
DA:57,2
DA:58,2
DA:60,2
DA:61,2
DA:62,2
DA:63,1
DA:66,2
DA:68,2
DA:69,1
DA:72,1
DA:73,1
DA:74,1
DA:75,1
DA:76,1
DA:77,1
DA:80,1
DA:82,1
DA:83,0
DA:86,1
DA:95,0
DA:97,0
DA:99,1
DA:100,1
DA:104,1
DA:105,1
DA:106,1
DA:107,1
DA:108,2
DA:109,1
DA:111,0
DA:115,1
DA:116,1
DA:117,1
DA:118,1
DA:119,2
DA:120,1
DA:122,0
LF:60
LH:51
BRDA:6,0,0,1
BRDA:6,0,1,1
BRDA:22,1,0,1
BRDA:22,1,1,0
BRDA:62,2,0,1
BRDA:62,2,1,1
BRDA:68,3,0,1
BRDA:68,3,1,1
BRDA:76,4,0,1
BRDA:76,4,1,0
BRDA:82,5,0,0
BRDA:82,5,1,1
BRF:12
BRH:9
end_of_record
