TN:
SF:index.js
FN:30,(anonymous_0)
FN:38,(anonymous_1)
FN:42,(anonymous_2)
FN:46,(anonymous_3)
FN:63,(anonymous_4)
FN:79,(anonymous_5)
FN:96,(anonymous_6)
FN:107,(anonymous_7)
FN:122,(anonymous_8)
FN:138,(anonymous_9)
FN:160,(anonymous_10)
FN:182,(anonymous_11)
FN:210,(anonymous_12)
FN:214,(anonymous_13)
FN:248,(anonymous_14)
FN:280,(anonymous_15)
FNF:16
FNH:16
FNDA:14,(anonymous_0)
FNDA:1,(anonymous_1)
FNDA:1,(anonymous_2)
FNDA:4,(anonymous_3)
FNDA:3,(anonymous_4)
FNDA:3,(anonymous_5)
FNDA:2,(anonymous_6)
FNDA:2,(anonymous_7)
FNDA:3,(anonymous_8)
FNDA:3,(anonymous_9)
FNDA:3,(anonymous_10)
FNDA:4,(anonymous_11)
FNDA:1,(anonymous_12)
FNDA:4,(anonymous_13)
FNDA:3,(anonymous_14)
FNDA:3,(anonymous_15)
DA:1,14
DA:2,14
DA:3,14
DA:4,14
DA:5,14
DA:6,14
DA:7,14
DA:8,14
DA:9,14
DA:10,14
DA:12,14
DA:15,14
DA:27,14
DA:28,14
DA:30,14
DA:31,14
DA:34,14
DA:36,14
DA:38,14
DA:39,1
DA:42,14
DA:43,1
DA:46,14
DA:47,4
DA:48,4
DA:49,4
DA:51,3
DA:52,2
DA:54,2
DA:56,1
DA:58,1
DA:59,1
DA:63,14
DA:64,3
DA:65,3
DA:66,3
DA:68,2
DA:69,1
DA:71,1
DA:72,1
DA:74,1
DA:75,1
DA:79,14
DA:80,3
DA:81,3
DA:82,3
DA:84,2
DA:85,1
DA:88,1
DA:89,1
DA:91,1
DA:92,1
DA:96,14
DA:97,2
DA:98,2
DA:99,2
DA:101,1
DA:103,1
DA:107,14
DA:108,2
DA:109,2
DA:111,1
DA:112,1
DA:113,1
DA:115,1
DA:119,1
DA:122,14
DA:123,3
DA:124,3
DA:125,3
DA:127,2
DA:128,1
DA:131,1
DA:133,1
DA:134,1
DA:138,14
DA:139,3
DA:140,3
DA:141,3
DA:143,3
DA:149,2
DA:150,1
DA:153,1
DA:155,1
DA:156,1
DA:160,14
DA:161,3
DA:162,3
DA:163,3
DA:165,3
DA:171,2
DA:172,1
DA:175,1
DA:177,1
DA:178,1
DA:182,14
DA:183,4
DA:184,4
DA:185,4
DA:187,4
DA:188,1
DA:191,3
DA:197,2
DA:198,1
DA:199,1
DA:202,1
DA:203,1
DA:205,1
DA:206,1
DA:210,14
DA:211,1
DA:214,14
DA:215,4
DA:216,4
DA:217,4
DA:218,4
DA:220,4
DA:221,3
DA:223,3
DA:224,1
DA:227,2
DA:228,1
DA:230,1
DA:232,1
DA:238,1
DA:240,1
DA:241,1
DA:242,1
DA:246,14
DA:248,14
DA:249,3
DA:250,3
DA:252,3
DA:254,3
DA:255,1
DA:258,2
DA:260,2
DA:270,2
DA:272,2
DA:273,1
DA:275,1
DA:276,1
DA:280,14
DA:281,3
DA:282,3
DA:284,3
DA:285,1
DA:288,2
DA:298,2
DA:299,1
DA:301,1
DA:302,1
LF:152
LH:152
BRDA:49,0,0,1
BRDA:49,0,1,3
BRDA:54,1,0,1
BRDA:54,1,1,1
BRDA:66,2,0,1
BRDA:66,2,1,2
BRDA:84,3,0,1
BRDA:84,3,1,1
BRDA:84,4,0,2
BRDA:84,4,1,1
BRDA:109,5,0,1
BRDA:109,5,1,1
BRDA:127,6,0,1
BRDA:127,6,1,1
BRDA:149,7,0,1
BRDA:149,7,1,1
BRDA:171,8,0,1
BRDA:171,8,1,1
BRDA:187,9,0,1
BRDA:187,9,1,3
BRDA:187,10,0,4
BRDA:187,10,1,4
BRDA:187,10,2,4
BRDA:197,11,0,1
BRDA:197,11,1,1
BRDA:223,12,0,1
BRDA:223,12,1,2
BRDA:227,13,0,1
BRDA:227,13,1,1
BRDA:254,14,0,1
BRDA:254,14,1,2
BRDA:254,15,0,3
BRDA:254,15,1,2
BRDA:254,15,2,2
BRDA:254,15,3,2
BRDA:265,16,0,1
BRDA:265,16,1,1
BRDA:266,17,0,1
BRDA:266,17,1,1
BRDA:267,18,0,1
BRDA:267,18,1,1
BRDA:267,19,0,2
BRDA:267,19,1,1
BRDA:267,19,2,1
BRDA:284,20,0,1
BRDA:284,20,1,2
BRDA:284,21,0,3
BRDA:284,21,1,2
BRDA:284,21,2,2
BRDA:284,21,3,2
BRDA:284,21,4,2
BRDA:284,21,5,2
BRF:52
BRH:52
end_of_record
TN:
SF:dataProcessing/dataExtraction.js
FN:3,(anonymous_0)
FNF:1
FNH:1
FNDA:2,(anonymous_0)
DA:1,1
DA:3,1
DA:4,2
DA:5,2
DA:6,1
DA:8,1
DA:9,1
LF:7
LH:7
BRF:0
BRH:0
end_of_record
TN:
SF:dataProcessing/dataProcessing.js
FN:13,getCoordinates
FN:36,(anonymous_1)
FN:39,(anonymous_2)
FN:55,(anonymous_3)
FN:61,(anonymous_4)
FN:104,(anonymous_5)
FN:108,(anonymous_6)
FN:115,(anonymous_7)
FN:119,(anonymous_8)
FNF:9
FNH:9
FNDA:4,getCoordinates
FNDA:2,(anonymous_1)
FNDA:1,(anonymous_2)
FNDA:5,(anonymous_3)
FNDA:5,(anonymous_4)
FNDA:2,(anonymous_5)
FNDA:2,(anonymous_6)
FNDA:2,(anonymous_7)
FNDA:2,(anonymous_8)
DA:1,1
DA:2,1
DA:3,1
DA:5,1
DA:6,1
DA:8,1
DA:14,4
DA:15,4
DA:22,3
DA:23,2
DA:24,2
DA:26,1
DA:27,1
DA:30,1
DA:31,1
DA:36,1
DA:37,2
DA:38,2
DA:39,1
DA:49,1
DA:51,1
DA:55,1
DA:56,5
DA:57,5
DA:58,5
DA:60,5
DA:61,5
DA:62,5
DA:63,4
DA:66,5
DA:68,5
DA:69,1
DA:72,4
DA:73,4
DA:74,4
DA:75,4
DA:76,4
DA:77,2
DA:80,4
DA:82,4
DA:83,2
DA:86,2
DA:95,1
DA:97,1
DA:99,1
DA:100,1
DA:104,1
DA:105,2
DA:106,2
DA:107,2
DA:108,2
DA:109,1
DA:111,1
DA:115,1
DA:116,2
DA:117,2
DA:118,2
DA:119,2
DA:120,1
DA:122,1
LF:60
LH:60
BRDA:6,0,0,1
BRDA:6,0,1,1
BRDA:22,1,0,2
BRDA:22,1,1,1
BRDA:62,2,0,4
BRDA:62,2,1,1
BRDA:68,3,0,1
BRDA:68,3,1,4
BRDA:76,4,0,2
BRDA:76,4,1,2
BRDA:82,5,0,2
BRDA:82,5,1,2
BRF:12
BRH:12
end_of_record
TN:
SF:databaseOrders/dbConnection.js
FN:7,connectDB
FN:27,(anonymous_1)
FNF:2
FNH:2
FNDA:2,connectDB
FNDA:1,(anonymous_1)
DA:1,2
DA:2,2
DA:4,2
DA:5,2
DA:8,2
DA:9,2
DA:19,1
DA:21,1
DA:23,1
DA:26,1
DA:27,1
DA:29,1
DA:30,1
DA:31,1
DA:35,2
LF:15
LH:15
BRF:0
BRH:0
end_of_record
TN:
SF:middlewares/authMiddleware.js
FN:4,(anonymous_0)
FNF:1
FNH:1
FNDA:4,(anonymous_0)
DA:1,1
DA:2,1
DA:4,1
DA:5,4
DA:7,4
DA:8,1
DA:11,3
DA:12,3
DA:14,3
DA:15,3
DA:16,2
DA:18,2
DA:20,1
DA:21,1
DA:23,1
DA:24,1
DA:28,1
LF:17
LH:17
BRDA:7,0,0,1
BRDA:7,0,1,3
BRDA:7,1,0,4
BRDA:7,1,1,3
BRDA:18,2,0,1
BRDA:18,2,1,1
BRF:6
BRH:6
end_of_record
TN:
SF:routes/orders.js
FNF:0
FNH:0
DA:1,1
DA:2,1
DA:3,1
DA:4,1
DA:5,1
DA:7,1
DA:8,1
DA:10,1
DA:12,1
LF:9
LH:9
BRF:0
BRH:0
end_of_record
